Started GET "/" for 127.0.0.1 at 2017-10-07 23:04:13 -0700
Processing by Rails::WelcomeController#index as HTML
  Rendering /Users/RipCity/.rbenv/versions/2.4.1/lib/ruby/gems/2.4.0/gems/railties-5.1.4/lib/rails/templates/rails/welcome/index.html.erb
  Rendered /Users/RipCity/.rbenv/versions/2.4.1/lib/ruby/gems/2.4.0/gems/railties-5.1.4/lib/rails/templates/rails/welcome/index.html.erb (5.9ms)
Completed 200 OK in 1912ms (Views: 30.8ms)


Started GET "/profile/index" for 127.0.0.1 at 2017-10-07 23:04:46 -0700
Processing by ProfileController#index as HTML
  Rendering profile/index.html.slim within layouts/application
  Rendered profile/index.html.slim within layouts/application (74.9ms)
Completed 200 OK in 14717ms (Views: 14713.8ms)


Started GET "/profile/index" for 127.0.0.1 at 2017-10-07 23:06:43 -0700
Processing by ProfileController#index as HTML
  Rendering profile/index.html.slim within layouts/application
  Rendered profile/index.html.slim within layouts/application (12.1ms)
Completed 200 OK in 298ms (Views: 269.9ms)


Started GET "/profile/index" for 127.0.0.1 at 2017-10-07 23:07:50 -0700
Processing by ProfileController#index as HTML
  Rendering profile/index.html.slim within layouts/application
  Rendered profile/index.html.slim within layouts/application (5.2ms)
Completed 200 OK in 84ms (Views: 81.1ms)


Started GET "/profile/index" for 127.0.0.1 at 2017-10-07 23:15:08 -0700
Processing by ProfileController#index as HTML
  Rendering profile/index.html.slim within layouts/application
  Rendered profile/index.html.slim within layouts/application (7.5ms)
Completed 200 OK in 284ms (Views: 276.3ms)


Started GET "/" for 127.0.0.1 at 2017-10-07 23:24:32 -0700
  
LoadError (cannot load such file -- /Users/RipCity/Projects/dbc/resume/blog/config/routes.rb):
  
activesupport (5.1.4) lib/active_support/dependencies.rb:286:in `load'
activesupport (5.1.4) lib/active_support/dependencies.rb:286:in `block in load'
activesupport (5.1.4) lib/active_support/dependencies.rb:258:in `load_dependency'
activesupport (5.1.4) lib/active_support/dependencies.rb:286:in `load'
railties (5.1.4) lib/rails/application/routes_reloader.rb:55:in `block in load_paths'
railties (5.1.4) lib/rails/application/routes_reloader.rb:55:in `each'
railties (5.1.4) lib/rails/application/routes_reloader.rb:55:in `load_paths'
railties (5.1.4) lib/rails/application/routes_reloader.rb:18:in `reload!'
railties (5.1.4) lib/rails/application/routes_reloader.rb:41:in `block in updater'
activesupport (5.1.4) lib/active_support/file_update_checker.rb:81:in `execute'
railties (5.1.4) lib/rails/application/routes_reloader.rb:25:in `execute'
railties (5.1.4) lib/rails/application/finisher.rb:141:in `block (2 levels) in <module:Finisher>'
activesupport (5.1.4) lib/active_support/callbacks.rb:413:in `instance_exec'
activesupport (5.1.4) lib/active_support/callbacks.rb:413:in `block in make_lambda'
activesupport (5.1.4) lib/active_support/callbacks.rb:197:in `block (2 levels) in halting'
activesupport (5.1.4) lib/active_support/callbacks.rb:601:in `block (2 levels) in default_terminator'
activesupport (5.1.4) lib/active_support/callbacks.rb:600:in `catch'
activesupport (5.1.4) lib/active_support/callbacks.rb:600:in `block in default_terminator'
activesupport (5.1.4) lib/active_support/callbacks.rb:198:in `block in halting'
activesupport (5.1.4) lib/active_support/callbacks.rb:507:in `block in invoke_before'
activesupport (5.1.4) lib/active_support/callbacks.rb:507:in `each'
activesupport (5.1.4) lib/active_support/callbacks.rb:507:in `invoke_before'
activesupport (5.1.4) lib/active_support/callbacks.rb:130:in `run_callbacks'
activesupport (5.1.4) lib/active_support/execution_wrapper.rb:108:in `run!'
activesupport (5.1.4) lib/active_support/reloader.rb:113:in `run!'
activesupport (5.1.4) lib/active_support/execution_wrapper.rb:70:in `block in run!'
activesupport (5.1.4) lib/active_support/execution_wrapper.rb:67:in `tap'
activesupport (5.1.4) lib/active_support/execution_wrapper.rb:67:in `run!'
activesupport (5.1.4) lib/active_support/reloader.rb:59:in `run!'
actionpack (5.1.4) lib/action_dispatch/middleware/executor.rb:10:in `call'
actionpack (5.1.4) lib/action_dispatch/middleware/debug_exceptions.rb:59:in `call'
web-console (3.5.1) lib/web_console/middleware.rb:135:in `call_app'
web-console (3.5.1) lib/web_console/middleware.rb:28:in `block in call'
web-console (3.5.1) lib/web_console/middleware.rb:18:in `catch'
web-console (3.5.1) lib/web_console/middleware.rb:18:in `call'
actionpack (5.1.4) lib/action_dispatch/middleware/show_exceptions.rb:31:in `call'
railties (5.1.4) lib/rails/rack/logger.rb:36:in `call_app'
railties (5.1.4) lib/rails/rack/logger.rb:24:in `block in call'
activesupport (5.1.4) lib/active_support/tagged_logging.rb:69:in `block in tagged'
activesupport (5.1.4) lib/active_support/tagged_logging.rb:26:in `tagged'
activesupport (5.1.4) lib/active_support/tagged_logging.rb:69:in `tagged'
railties (5.1.4) lib/rails/rack/logger.rb:24:in `call'
sprockets-rails (3.2.1) lib/sprockets/rails/quiet_assets.rb:13:in `call'
actionpack (5.1.4) lib/action_dispatch/middleware/remote_ip.rb:79:in `call'
actionpack (5.1.4) lib/action_dispatch/middleware/request_id.rb:25:in `call'
rack (2.0.3) lib/rack/method_override.rb:22:in `call'
rack (2.0.3) lib/rack/runtime.rb:22:in `call'
activesupport (5.1.4) lib/active_support/cache/strategy/local_cache_middleware.rb:27:in `call'
actionpack (5.1.4) lib/action_dispatch/middleware/executor.rb:12:in `call'
actionpack (5.1.4) lib/action_dispatch/middleware/static.rb:125:in `call'
rack (2.0.3) lib/rack/sendfile.rb:111:in `call'
railties (5.1.4) lib/rails/engine.rb:522:in `call'
puma (3.10.0) lib/puma/configuration.rb:225:in `call'
puma (3.10.0) lib/puma/server.rb:605:in `handle_request'
puma (3.10.0) lib/puma/server.rb:437:in `process_client'
puma (3.10.0) lib/puma/server.rb:301:in `block in run'
puma (3.10.0) lib/puma/thread_pool.rb:120:in `block in spawn_thread'
Started GET "/favicon.ico" for 127.0.0.1 at 2017-10-07 23:24:35 -0700
  
ActionController::RoutingError (No route matches [GET] "/favicon.ico"):
  
actionpack (5.1.4) lib/action_dispatch/middleware/debug_exceptions.rb:63:in `call'
web-console (3.5.1) lib/web_console/middleware.rb:135:in `call_app'
web-console (3.5.1) lib/web_console/middleware.rb:28:in `block in call'
web-console (3.5.1) lib/web_console/middleware.rb:18:in `catch'
web-console (3.5.1) lib/web_console/middleware.rb:18:in `call'
actionpack (5.1.4) lib/action_dispatch/middleware/show_exceptions.rb:31:in `call'
railties (5.1.4) lib/rails/rack/logger.rb:36:in `call_app'
railties (5.1.4) lib/rails/rack/logger.rb:24:in `block in call'
activesupport (5.1.4) lib/active_support/tagged_logging.rb:69:in `block in tagged'
activesupport (5.1.4) lib/active_support/tagged_logging.rb:26:in `tagged'
activesupport (5.1.4) lib/active_support/tagged_logging.rb:69:in `tagged'
railties (5.1.4) lib/rails/rack/logger.rb:24:in `call'
sprockets-rails (3.2.1) lib/sprockets/rails/quiet_assets.rb:13:in `call'
actionpack (5.1.4) lib/action_dispatch/middleware/remote_ip.rb:79:in `call'
actionpack (5.1.4) lib/action_dispatch/middleware/request_id.rb:25:in `call'
rack (2.0.3) lib/rack/method_override.rb:22:in `call'
rack (2.0.3) lib/rack/runtime.rb:22:in `call'
activesupport (5.1.4) lib/active_support/cache/strategy/local_cache_middleware.rb:27:in `call'
actionpack (5.1.4) lib/action_dispatch/middleware/executor.rb:12:in `call'
actionpack (5.1.4) lib/action_dispatch/middleware/static.rb:125:in `call'
rack (2.0.3) lib/rack/sendfile.rb:111:in `call'
railties (5.1.4) lib/rails/engine.rb:522:in `call'
puma (3.10.0) lib/puma/configuration.rb:225:in `call'
puma (3.10.0) lib/puma/server.rb:605:in `handle_request'
puma (3.10.0) lib/puma/server.rb:437:in `process_client'
puma (3.10.0) lib/puma/server.rb:301:in `block in run'
puma (3.10.0) lib/puma/thread_pool.rb:120:in `block in spawn_thread'
Started GET "/" for 127.0.0.1 at 2017-10-07 23:24:55 -0700
Processing by ProfileController#index as HTML
  Rendering profile/index.html.slim within layouts/application
  Rendered profile/index.html.slim within layouts/application (31.8ms)
Completed 200 OK in 3469ms (Views: 1605.7ms)


Started GET "/" for 127.0.0.1 at 2017-10-07 23:27:20 -0700
Processing by ProfileController#index as HTML
  Rendering profile/index.html.slim within layouts/application
  Rendered profile/index.html.slim within layouts/application (11.9ms)
Completed 200 OK in 813ms (Views: 802.6ms)


Started GET "/" for 127.0.0.1 at 2017-10-07 23:28:16 -0700
Processing by ProfileController#index as HTML
  Rendering profile/index.html.slim within layouts/application
  Rendered profile/index.html.slim within layouts/application (9.7ms)
Completed 200 OK in 464ms (Views: 455.3ms)


Started GET "/" for 127.0.0.1 at 2017-10-07 23:28:32 -0700
Processing by ProfileController#index as HTML
  Rendering profile/index.html.slim within layouts/application
  Rendered profile/index.html.slim within layouts/application (3.7ms)
Completed 200 OK in 36ms (Views: 32.2ms)


Started GET "/" for 127.0.0.1 at 2017-10-07 23:30:09 -0700
Processing by ProfileController#index as HTML
  Rendering profile/index.html.slim within layouts/application
  Rendered profile/index.html.slim within layouts/application (3.7ms)
Completed 200 OK in 282ms (Views: 278.8ms)


Started GET "/" for 127.0.0.1 at 2017-10-07 23:30:35 -0700
Processing by ProfileController#index as HTML
  Rendering profile/index.html.slim within layouts/application
  Rendered profile/index.html.slim within layouts/application (3.8ms)
Completed 200 OK in 58ms (Views: 54.6ms)


Started GET "/" for 127.0.0.1 at 2017-10-07 23:31:12 -0700
Processing by ProfileController#index as HTML
  Rendering profile/index.html.slim within layouts/application
  Rendered profile/index.html.slim within layouts/application (3.6ms)
Completed 200 OK in 56ms (Views: 54.3ms)


Started GET "/" for 127.0.0.1 at 2017-10-07 23:31:22 -0700
Processing by ProfileController#index as HTML
  Rendering profile/index.html.slim within layouts/application
  Rendered profile/index.html.slim within layouts/application (3.7ms)
Completed 200 OK in 39ms (Views: 36.0ms)


Started GET "/" for 127.0.0.1 at 2017-10-08 09:34:24 -0700
Processing by ProfileController#index as HTML
  Rendering profile/index.html.slim within layouts/application
  Rendered profile/index.html.slim within layouts/application (24.4ms)
Completed 200 OK in 2707ms (Views: 1067.3ms)


Started GET "/" for 127.0.0.1 at 2017-10-08 11:04:31 -0700
Processing by ProfileController#index as HTML
  Rendering profile/index.html.slim within layouts/application
  Rendered profile/index.html.slim within layouts/application (11.8ms)
Completed 200 OK in 299ms (Views: 290.5ms)


Started GET "/" for 127.0.0.1 at 2017-10-08 11:06:34 -0700
Processing by ProfileController#index as HTML
  Rendering profile/index.html.slim within layouts/application
  Rendered profile/index.html.slim within layouts/application (5.0ms)
Completed 200 OK in 171ms (Views: 168.3ms)


Started GET "/" for 127.0.0.1 at 2017-10-08 11:12:51 -0700
Processing by ProfileController#index as HTML
  Rendering profile/index.html.slim within layouts/application
  Rendered profile/index.html.slim within layouts/application (5.9ms)
Completed 200 OK in 167ms (Views: 164.0ms)


Started GET "/" for 127.0.0.1 at 2017-10-08 11:14:43 -0700
Processing by ProfileController#index as HTML
  Rendering profile/index.html.slim within layouts/application
  Rendered profile/index.html.slim within layouts/application (7.6ms)
Completed 200 OK in 290ms (Views: 287.6ms)


Started GET "/" for 127.0.0.1 at 2017-10-08 11:15:35 -0700
Processing by ProfileController#index as HTML
  Rendering profile/index.html.slim within layouts/application
  Rendered profile/index.html.slim within layouts/application (5.0ms)
Completed 200 OK in 83ms (Views: 79.4ms)


Started GET "/" for 127.0.0.1 at 2017-10-08 11:15:50 -0700
Processing by ProfileController#index as HTML
  Rendering profile/index.html.slim within layouts/application
  Rendered profile/index.html.slim within layouts/application (4.7ms)
Completed 200 OK in 67ms (Views: 64.1ms)


Started GET "/" for 127.0.0.1 at 2017-10-08 11:16:53 -0700
Processing by ProfileController#index as HTML
  Rendering profile/index.html.slim within layouts/application
  Rendered profile/index.html.slim within layouts/application (6.8ms)
Completed 200 OK in 102ms (Views: 99.7ms)


Started GET "/" for 127.0.0.1 at 2017-10-08 11:17:15 -0700
Processing by ProfileController#index as HTML
  Rendering profile/index.html.slim within layouts/application
  Rendered profile/index.html.slim within layouts/application (4.3ms)
Completed 200 OK in 36ms (Views: 32.5ms)


Started GET "/" for 127.0.0.1 at 2017-10-08 11:17:33 -0700
Processing by ProfileController#index as HTML
  Rendering profile/index.html.slim within layouts/application
  Rendered profile/index.html.slim within layouts/application (4.8ms)
Completed 200 OK in 40ms (Views: 29.5ms)


Started GET "/" for 127.0.0.1 at 2017-10-08 11:17:42 -0700
Processing by ProfileController#index as HTML
  Rendering profile/index.html.slim within layouts/application
  Rendered profile/index.html.slim within layouts/application (4.6ms)
Completed 200 OK in 28ms (Views: 25.4ms)


Started GET "/" for 127.0.0.1 at 2017-10-08 11:18:44 -0700
Processing by ProfileController#index as HTML
  Rendering profile/index.html.slim within layouts/application
  Rendered profile/index.html.slim within layouts/application (5.2ms)
Completed 200 OK in 30ms (Views: 26.3ms)


Started GET "/" for 127.0.0.1 at 2017-10-08 11:20:28 -0700
Processing by ProfileController#index as HTML
  Rendering profile/index.html.slim within layouts/application
  Rendered profile/index.html.slim within layouts/application (5.1ms)
Completed 200 OK in 54ms (Views: 50.9ms)


Started GET "/" for 127.0.0.1 at 2017-10-08 11:21:11 -0700
Processing by ProfileController#index as HTML
  Rendering profile/index.html.slim within layouts/application
  Rendered profile/index.html.slim within layouts/application (5.4ms)
Completed 200 OK in 112ms (Views: 109.8ms)


Started GET "/" for 127.0.0.1 at 2017-10-08 11:21:21 -0700
Processing by ProfileController#index as HTML
  Rendering profile/index.html.slim within layouts/application
  Rendered profile/index.html.slim within layouts/application (5.9ms)
Completed 200 OK in 44ms (Views: 40.4ms)


Started GET "/" for 127.0.0.1 at 2017-10-08 11:21:50 -0700
Processing by ProfileController#index as HTML
  Rendering profile/index.html.slim within layouts/application
  Rendered profile/index.html.slim within layouts/application (5.0ms)
Completed 200 OK in 105ms (Views: 101.3ms)


Started GET "/" for 127.0.0.1 at 2017-10-08 11:22:24 -0700
Processing by ProfileController#index as HTML
  Rendering profile/index.html.slim within layouts/application
  Rendered profile/index.html.slim within layouts/application (4.1ms)
Completed 200 OK in 30ms (Views: 26.8ms)


Started GET "/" for 127.0.0.1 at 2017-10-08 11:22:56 -0700
Processing by ProfileController#index as HTML
  Rendering profile/index.html.slim within layouts/application
  Rendered profile/index.html.slim within layouts/application (5.1ms)
Completed 200 OK in 34ms (Views: 30.7ms)


Started GET "/" for 127.0.0.1 at 2017-10-08 11:40:06 -0700
Processing by ProfileController#index as HTML
  Rendering profile/index.html.slim within layouts/application
  Rendered profile/index.html.slim within layouts/application (15.1ms)
Completed 200 OK in 175ms (Views: 167.0ms)


Started GET "/" for 127.0.0.1 at 2017-10-08 11:40:14 -0700
Processing by ProfileController#index as HTML
  Rendering profile/index.html.slim within layouts/application
  Rendered profile/index.html.slim within layouts/application (9.0ms)
Completed 200 OK in 60ms (Views: 55.7ms)


Started GET "/" for 127.0.0.1 at 2017-10-08 11:40:18 -0700
Processing by ProfileController#index as HTML
  Rendering profile/index.html.slim within layouts/application
  Rendered profile/index.html.slim within layouts/application (5.5ms)
Completed 200 OK in 35ms (Views: 32.8ms)


Started GET "/" for 127.0.0.1 at 2017-10-08 13:44:27 -0700
Processing by ProfileController#index as HTML
  Rendering profile/index.html.slim within layouts/application
  Rendered profile/index.html.slim within layouts/application (5.5ms)
Completed 200 OK in 293ms (Views: 289.4ms)


Started GET "/" for 127.0.0.1 at 2017-10-08 13:47:18 -0700
Processing by ProfileController#index as HTML
  Rendering profile/index.html.slim within layouts/application
  Rendered profile/index.html.slim within layouts/application (14.4ms)
Completed 200 OK in 479ms (Views: 470.9ms)


Started GET "/" for 127.0.0.1 at 2017-10-08 13:47:45 -0700
Processing by ProfileController#index as HTML
  Rendering profile/index.html.slim within layouts/application
  Rendered profile/index.html.slim within layouts/application (10.8ms)
Completed 200 OK in 486ms (Views: 481.5ms)


Started GET "/" for 127.0.0.1 at 2017-10-08 13:48:13 -0700
Processing by ProfileController#index as HTML
  Rendering profile/index.html.slim within layouts/application
  Rendered profile/index.html.slim within layouts/application (5.1ms)
Completed 200 OK in 33ms (Views: 30.8ms)


Started GET "/" for 127.0.0.1 at 2017-10-08 13:51:10 -0700
Processing by ProfileController#index as HTML
  Rendering profile/index.html.slim within layouts/application
  Rendered profile/index.html.slim within layouts/application (6.8ms)
Completed 200 OK in 337ms (Views: 334.7ms)


Started GET "/" for 127.0.0.1 at 2017-10-08 13:51:26 -0700
Processing by ProfileController#index as HTML
  Rendering profile/index.html.slim within layouts/application
  Rendered profile/index.html.slim within layouts/application (5.1ms)
Completed 200 OK in 34ms (Views: 32.5ms)


Started GET "/" for 127.0.0.1 at 2017-10-08 13:51:39 -0700
Processing by ProfileController#index as HTML
  Rendering profile/index.html.slim within layouts/application
  Rendered profile/index.html.slim within layouts/application (5.4ms)
Completed 200 OK in 29ms (Views: 27.0ms)


Started GET "/" for 127.0.0.1 at 2017-10-08 13:51:46 -0700
Processing by ProfileController#index as HTML
  Rendering profile/index.html.slim within layouts/application
  Rendered profile/index.html.slim within layouts/application (4.6ms)
Completed 200 OK in 33ms (Views: 30.8ms)


Started GET "/" for 127.0.0.1 at 2017-10-08 13:53:22 -0700
Processing by ProfileController#index as HTML
  Rendering profile/index.html.slim within layouts/application
  Rendered profile/index.html.slim within layouts/application (26.0ms)
Completed 200 OK in 2277ms (Views: 734.6ms)


Started GET "/" for 127.0.0.1 at 2017-10-08 13:53:51 -0700
Processing by ProfileController#index as HTML
  Rendering profile/index.html.slim within layouts/application
  Rendered profile/index.html.slim within layouts/application (4.4ms)
Completed 200 OK in 135ms (Views: 132.2ms)


Started GET "/" for 127.0.0.1 at 2017-10-08 13:54:27 -0700
Processing by ProfileController#index as HTML
  Rendering profile/index.html.slim within layouts/application
  Rendered profile/index.html.slim within layouts/application (4.8ms)
Completed 200 OK in 123ms (Views: 119.6ms)


Started GET "/" for 127.0.0.1 at 2017-10-08 13:54:47 -0700
Processing by ProfileController#index as HTML
  Rendering profile/index.html.slim within layouts/application
  Rendered profile/index.html.slim within layouts/application (4.7ms)
Completed 200 OK in 27ms (Views: 24.8ms)


Started GET "/" for 127.0.0.1 at 2017-10-08 13:55:20 -0700
Processing by ProfileController#index as HTML
  Rendering profile/index.html.slim within layouts/application
  Rendered profile/index.html.slim within layouts/application (3.8ms)
Completed 200 OK in 60ms (Views: 56.9ms)


Started GET "/" for 127.0.0.1 at 2017-10-08 13:56:33 -0700
Processing by ProfileController#index as HTML
  Rendering profile/index.html.slim within layouts/application
  Rendered profile/index.html.slim within layouts/application (5.0ms)
Completed 200 OK in 72ms (Views: 68.4ms)


Started GET "/" for 127.0.0.1 at 2017-10-08 14:03:48 -0700
Processing by ProfileController#index as HTML
  Rendering profile/index.html.slim within layouts/application
  Rendered profile/index.html.slim within layouts/application (8.6ms)
Completed 200 OK in 425ms (Views: 418.3ms)


Started GET "/" for 127.0.0.1 at 2017-10-08 14:04:48 -0700
Processing by ProfileController#index as HTML
  Rendering profile/index.html.slim within layouts/application
  Rendered profile/index.html.slim within layouts/application (7.2ms)
Completed 200 OK in 560ms (Views: 555.6ms)


Started GET "/" for 127.0.0.1 at 2017-10-08 14:05:22 -0700
Processing by ProfileController#index as HTML
  Rendering profile/index.html.slim within layouts/application
  Rendered profile/index.html.slim within layouts/application (12.0ms)
Completed 200 OK in 215ms (Views: 211.6ms)


Started GET "/" for 127.0.0.1 at 2017-10-08 14:06:25 -0700
Processing by ProfileController#index as HTML
  Rendering profile/index.html.slim within layouts/application
  Rendered profile/index.html.slim within layouts/application (5.3ms)
Completed 200 OK in 215ms (Views: 211.9ms)


Started GET "/" for 127.0.0.1 at 2017-10-08 14:06:37 -0700
Processing by ProfileController#index as HTML
  Rendering profile/index.html.slim within layouts/application
  Rendered profile/index.html.slim within layouts/application (5.3ms)
Completed 200 OK in 32ms (Views: 28.5ms)


Started GET "/" for 127.0.0.1 at 2017-10-08 14:07:32 -0700
Processing by ProfileController#index as HTML
  Rendering profile/index.html.slim within layouts/application
  Rendered profile/index.html.slim within layouts/application (5.3ms)
Completed 200 OK in 32ms (Views: 28.9ms)


Started GET "/" for 127.0.0.1 at 2017-10-08 14:07:54 -0700
Processing by ProfileController#index as HTML
  Rendering profile/index.html.slim within layouts/application
  Rendered profile/index.html.slim within layouts/application (4.7ms)
Completed 200 OK in 31ms (Views: 28.2ms)


Started GET "/" for 127.0.0.1 at 2017-10-08 14:16:19 -0700
Processing by ProfileController#index as HTML
  Rendering profile/index.html.slim within layouts/application
  Rendered profile/index.html.slim within layouts/application (10.8ms)
Completed 200 OK in 226ms (Views: 216.1ms)


Started GET "/" for 127.0.0.1 at 2017-10-08 14:16:40 -0700
Processing by ProfileController#index as HTML
  Rendering profile/index.html.slim within layouts/application
  Rendered profile/index.html.slim within layouts/application (9.2ms)
Completed 200 OK in 114ms (Views: 110.5ms)


Started GET "/" for 127.0.0.1 at 2017-10-08 14:17:07 -0700
Processing by ProfileController#index as HTML
  Rendering profile/index.html.slim within layouts/application
  Rendered profile/index.html.slim within layouts/application (6.2ms)
Completed 200 OK in 92ms (Views: 88.4ms)


Started GET "/" for 127.0.0.1 at 2017-10-08 18:13:42 -0700
Processing by ProfileController#index as HTML
  Rendering profile/index.html.slim within layouts/application
  Rendered profile/index.html.slim within layouts/application (120.2ms)
Completed 200 OK in 637ms (Views: 539.9ms)


Started GET "/" for 127.0.0.1 at 2017-10-08 18:14:26 -0700
Processing by ProfileController#index as HTML
  Rendering profile/index.html.slim within layouts/application
  Rendered profile/index.html.slim within layouts/application (4.8ms)
Completed 200 OK in 338ms (Views: 334.6ms)


Started GET "/" for 127.0.0.1 at 2017-10-08 18:15:31 -0700
Processing by ProfileController#index as HTML
  Rendering profile/index.html.slim within layouts/application
  Rendered profile/index.html.slim within layouts/application (3.3ms)
Completed 200 OK in 156ms (Views: 152.4ms)


Started GET "/" for 127.0.0.1 at 2017-10-08 18:15:51 -0700
Processing by ProfileController#index as HTML
  Rendering profile/index.html.slim within layouts/application
  Rendered profile/index.html.slim within layouts/application (3.5ms)
Completed 200 OK in 30ms (Views: 28.0ms)


Started GET "/" for 127.0.0.1 at 2017-10-08 18:17:42 -0700
Processing by ProfileController#index as HTML
  Rendering profile/index.html.slim within layouts/application
  Rendered profile/index.html.slim within layouts/application (3.0ms)
Completed 200 OK in 130ms (Views: 127.9ms)


Started GET "/" for 127.0.0.1 at 2017-10-08 18:18:02 -0700
Processing by ProfileController#index as HTML
  Rendering profile/index.html.slim within layouts/application
  Rendered profile/index.html.slim within layouts/application (3.0ms)
Completed 200 OK in 30ms (Views: 26.9ms)


Started GET "/" for 127.0.0.1 at 2017-10-08 18:29:26 -0700
Processing by ProfileController#index as HTML
  Rendering profile/index.html.slim within layouts/application
  Rendered profile/index.html.slim within layouts/application (9.2ms)
Completed 200 OK in 238ms (Views: 230.3ms)


Started GET "/" for 127.0.0.1 at 2017-10-08 18:36:57 -0700
Processing by ProfileController#index as HTML
  Rendering profile/index.html.slim within layouts/application
  Rendered profile/index.html.slim within layouts/application (15.1ms)
Completed 200 OK in 323ms (Views: 313.4ms)


